<?xml version="1.0" encoding="UTF-8"?>
<testsuite name="TwoFerSpec" tests="4" skipped="0" failures="0" errors="0" timestamp="2023-07-26T18:39:50" hostname="192.168.1.12" time="1.079">
  <properties/>
  <testcase name="No name given" classname="TwoFerSpec" time="0.919"/>
  <testcase name="Empty name given" classname="TwoFerSpec" time="0.025"/>
  <testcase name="A name given" classname="TwoFerSpec" time="0.077"/>
  <testcase name="Another name given" classname="TwoFerSpec" time="0.001"/>
  <system-out><![CDATA[]]></system-out>
  <system-err><![CDATA[]]></system-err>
</testsuite>
